<?xml version="1.0" encoding="UTF-8"?>
<!-- Generated by org.testng.reporters.JUnitXMLReporter -->
<testsuite ignored="0" hostname="rizwans-mbp.mynet" failures="0" tests="4" name="Default test" time="4.751" errors="0" timestamp="2020-05-09T14:27:26 BST">
  <testcase classname="files.dynamicJson" name="addbook" time="3.564"/>
  <testcase classname="files.dynamicJson" name="addbook" time="0.367"/>
  <testcase classname="files.dynamicJson" name="addbook" time="0.349"/>
  <testcase classname="files.dynamicJson" name="addbook" time="0.349"/>
</testsuite> <!-- Default test -->
