<?xml version="1.0" encoding="UTF-8"?>
<testng-results ignored="0" total="1" passed="1" failed="0" skipped="0">
  <reporter-output>
  </reporter-output>
  <suite started-at="2020-05-10T17:41:41 BST" name="Default suite" finished-at="2020-05-10T17:41:44 BST" duration-ms="3361">
    <groups>
    </groups>
    <test started-at="2020-05-10T17:41:41 BST" name="Default test" finished-at="2020-05-10T17:41:44 BST" duration-ms="3361">
      <class name="files.staticJson">
        <test-method signature="addbook()[pri:0, instance:files.staticJson@460d0a57]" started-at="2020-05-10T17:41:41 BST" name="addbook" finished-at="2020-05-10T17:41:44 BST" duration-ms="3307" status="PASS">
          <reporter-output>
          </reporter-output>
        </test-method> <!-- addbook -->
      </class> <!-- files.staticJson -->
    </test> <!-- Default test -->
  </suite> <!-- Default suite -->
</testng-results>
