<?xml version="1.0" encoding="UTF-8"?>
<testng-results ignored="0" total="1" passed="1" failed="0" skipped="0">
  <reporter-output>
  </reporter-output>
  <suite started-at="2020-05-08T15:07:31 BST" name="Default suite" finished-at="2020-05-08T15:07:34 BST" duration-ms="2802">
    <groups>
    </groups>
    <test started-at="2020-05-08T15:07:31 BST" name="Default test" finished-at="2020-05-08T15:07:34 BST" duration-ms="2802">
      <class name="files.dynamicJson">
        <test-method signature="addbook()[pri:0, instance:files.dynamicJson@3c22fc4c]" started-at="2020-05-08T15:07:31 BST" name="addbook" finished-at="2020-05-08T15:07:34 BST" duration-ms="2749" status="PASS">
          <reporter-output>
          </reporter-output>
        </test-method> <!-- addbook -->
      </class> <!-- files.dynamicJson -->
    </test> <!-- Default test -->
  </suite> <!-- Default suite -->
</testng-results>
